TN:
SF:Interfaces\index.ts
FNF:0
FNH:0
DA:8,0
DA:9,0
LF:2
LH:0
BRF:0
BRH:0
end_of_record
TN:
SF:Mocks\index.ts
FNF:0
FNH:0
DA:9,5
DA:12,5
DA:15,5
LF:3
LH:3
BRF:0
BRH:0
end_of_record
TN:
SF:Mocks\media.mock.ts
FN:12,(anonymous_0)
FN:23,(anonymous_1)
FN:139,(anonymous_2)
FN:157,(anonymous_3)
FNF:4
FNH:4
FNDA:5,(anonymous_0)
FNDA:5,(anonymous_1)
FNDA:20,(anonymous_2)
FNDA:1,(anonymous_3)
DA:12,5
DA:13,5
DA:14,5
DA:15,5
DA:16,5
DA:17,5
DA:23,5
DA:24,5
DA:25,5
DA:26,5
DA:55,5
DA:133,5
DA:138,5
DA:139,20
DA:145,5
DA:157,5
DA:162,1
DA:163,1
LF:18
LH:18
BRDA:12,0,0,5
BRDA:12,0,1,5
BRDA:23,1,0,5
BRDA:23,1,1,5
BRDA:158,2,0,0
BRDA:159,3,0,0
BRDA:160,4,0,0
BRF:7
BRH:4
end_of_record
TN:
SF:Mocks\project.mock.ts
FN:12,(anonymous_0)
FNF:1
FNH:1
FNDA:5,(anonymous_0)
DA:12,5
DA:13,5
DA:14,5
DA:15,5
DA:16,5
DA:17,5
DA:40,5
DA:85,5
DA:90,5
DA:100,5
LF:10
LH:10
BRDA:12,0,0,5
BRDA:12,0,1,5
BRF:2
BRH:2
end_of_record
TN:
SF:Mocks\resume.mock.ts
FN:12,(anonymous_0)
FNF:1
FNH:1
FNDA:5,(anonymous_0)
DA:12,5
DA:13,5
DA:14,5
DA:15,5
DA:16,5
DA:17,5
DA:87,5
DA:103,5
DA:139,5
DA:163,5
DA:181,5
DA:191,5
DA:196,5
LF:13
LH:13
BRDA:12,0,0,5
BRDA:12,0,1,5
BRF:2
BRH:2
end_of_record
